Iniciando testes do somador de 4 bits...
OK:           0 +           0 =  0
OK:           0 +           1 =  1
OK:           0 +           2 =  2
OK:           0 +           3 =  3
OK:           0 +           4 =  4
OK:           0 +           5 =  5
OK:           0 +           6 =  6
OK:           0 +           7 =  7
OK:           0 +           8 =  8
OK:           0 +           9 =  9
OK:           0 +          10 = 10
OK:           0 +          11 = 11
OK:           0 +          12 = 12
OK:           0 +          13 = 13
OK:           0 +          14 = 14
OK:           0 +          15 = 15
OK:           1 +           0 =  1
OK:           1 +           1 =  2
OK:           1 +           2 =  3
OK:           1 +           3 =  4
OK:           1 +           4 =  5
OK:           1 +           5 =  6
OK:           1 +           6 =  7
OK:           1 +           7 =  8
OK:           1 +           8 =  9
OK:           1 +           9 = 10
OK:           1 +          10 = 11
OK:           1 +          11 = 12
OK:           1 +          12 = 13
OK:           1 +          13 = 14
OK:           1 +          14 = 15
OK:           1 +          15 = 16
OK:           2 +           0 =  2
OK:           2 +           1 =  3
OK:           2 +           2 =  4
OK:           2 +           3 =  5
OK:           2 +           4 =  6
OK:           2 +           5 =  7
OK:           2 +           6 =  8
OK:           2 +           7 =  9
OK:           2 +           8 = 10
OK:           2 +           9 = 11
OK:           2 +          10 = 12
OK:           2 +          11 = 13
OK:           2 +          12 = 14
OK:           2 +          13 = 15
OK:           2 +          14 = 16
OK:           2 +          15 = 17
OK:           3 +           0 =  3
OK:           3 +           1 =  4
OK:           3 +           2 =  5
OK:           3 +           3 =  6
OK:           3 +           4 =  7
OK:           3 +           5 =  8
OK:           3 +           6 =  9
OK:           3 +           7 = 10
OK:           3 +           8 = 11
OK:           3 +           9 = 12
OK:           3 +          10 = 13
OK:           3 +          11 = 14
OK:           3 +          12 = 15
OK:           3 +          13 = 16
OK:           3 +          14 = 17
OK:           3 +          15 = 18
OK:           4 +           0 =  4
OK:           4 +           1 =  5
OK:           4 +           2 =  6
OK:           4 +           3 =  7
OK:           4 +           4 =  8
OK:           4 +           5 =  9
OK:           4 +           6 = 10
OK:           4 +           7 = 11
OK:           4 +           8 = 12
OK:           4 +           9 = 13
OK:           4 +          10 = 14
OK:           4 +          11 = 15
OK:           4 +          12 = 16
OK:           4 +          13 = 17
OK:           4 +          14 = 18
OK:           4 +          15 = 19
OK:           5 +           0 =  5
OK:           5 +           1 =  6
OK:           5 +           2 =  7
OK:           5 +           3 =  8
OK:           5 +           4 =  9
OK:           5 +           5 = 10
OK:           5 +           6 = 11
OK:           5 +           7 = 12
OK:           5 +           8 = 13
OK:           5 +           9 = 14
OK:           5 +          10 = 15
OK:           5 +          11 = 16
OK:           5 +          12 = 17
OK:           5 +          13 = 18
OK:           5 +          14 = 19
OK:           5 +          15 = 20
OK:           6 +           0 =  6
OK:           6 +           1 =  7
OK:           6 +           2 =  8
OK:           6 +           3 =  9
OK:           6 +           4 = 10
OK:           6 +           5 = 11
OK:           6 +           6 = 12
OK:           6 +           7 = 13
OK:           6 +           8 = 14
OK:           6 +           9 = 15
OK:           6 +          10 = 16
OK:           6 +          11 = 17
OK:           6 +          12 = 18
OK:           6 +          13 = 19
OK:           6 +          14 = 20
OK:           6 +          15 = 21
OK:           7 +           0 =  7
OK:           7 +           1 =  8
OK:           7 +           2 =  9
OK:           7 +           3 = 10
OK:           7 +           4 = 11
OK:           7 +           5 = 12
OK:           7 +           6 = 13
OK:           7 +           7 = 14
OK:           7 +           8 = 15
OK:           7 +           9 = 16
OK:           7 +          10 = 17
OK:           7 +          11 = 18
OK:           7 +          12 = 19
OK:           7 +          13 = 20
OK:           7 +          14 = 21
OK:           7 +          15 = 22
OK:           8 +           0 =  8
OK:           8 +           1 =  9
OK:           8 +           2 = 10
OK:           8 +           3 = 11
OK:           8 +           4 = 12
OK:           8 +           5 = 13
OK:           8 +           6 = 14
OK:           8 +           7 = 15
OK:           8 +           8 = 16
OK:           8 +           9 = 17
OK:           8 +          10 = 18
OK:           8 +          11 = 19
OK:           8 +          12 = 20
OK:           8 +          13 = 21
OK:           8 +          14 = 22
OK:           8 +          15 = 23
OK:           9 +           0 =  9
OK:           9 +           1 = 10
OK:           9 +           2 = 11
OK:           9 +           3 = 12
OK:           9 +           4 = 13
OK:           9 +           5 = 14
OK:           9 +           6 = 15
OK:           9 +           7 = 16
OK:           9 +           8 = 17
OK:           9 +           9 = 18
OK:           9 +          10 = 19
OK:           9 +          11 = 20
OK:           9 +          12 = 21
OK:           9 +          13 = 22
OK:           9 +          14 = 23
OK:           9 +          15 = 24
OK:          10 +           0 = 10
OK:          10 +           1 = 11
OK:          10 +           2 = 12
OK:          10 +           3 = 13
OK:          10 +           4 = 14
OK:          10 +           5 = 15
OK:          10 +           6 = 16
OK:          10 +           7 = 17
OK:          10 +           8 = 18
OK:          10 +           9 = 19
OK:          10 +          10 = 20
OK:          10 +          11 = 21
OK:          10 +          12 = 22
OK:          10 +          13 = 23
OK:          10 +          14 = 24
OK:          10 +          15 = 25
OK:          11 +           0 = 11
OK:          11 +           1 = 12
OK:          11 +           2 = 13
OK:          11 +           3 = 14
OK:          11 +           4 = 15
OK:          11 +           5 = 16
OK:          11 +           6 = 17
OK:          11 +           7 = 18
OK:          11 +           8 = 19
OK:          11 +           9 = 20
OK:          11 +          10 = 21
OK:          11 +          11 = 22
OK:          11 +          12 = 23
OK:          11 +          13 = 24
OK:          11 +          14 = 25
OK:          11 +          15 = 26
OK:          12 +           0 = 12
OK:          12 +           1 = 13
OK:          12 +           2 = 14
OK:          12 +           3 = 15
OK:          12 +           4 = 16
OK:          12 +           5 = 17
OK:          12 +           6 = 18
OK:          12 +           7 = 19
OK:          12 +           8 = 20
OK:          12 +           9 = 21
OK:          12 +          10 = 22
OK:          12 +          11 = 23
OK:          12 +          12 = 24
OK:          12 +          13 = 25
OK:          12 +          14 = 26
OK:          12 +          15 = 27
OK:          13 +           0 = 13
OK:          13 +           1 = 14
OK:          13 +           2 = 15
OK:          13 +           3 = 16
OK:          13 +           4 = 17
OK:          13 +           5 = 18
OK:          13 +           6 = 19
OK:          13 +           7 = 20
OK:          13 +           8 = 21
OK:          13 +           9 = 22
OK:          13 +          10 = 23
OK:          13 +          11 = 24
OK:          13 +          12 = 25
OK:          13 +          13 = 26
OK:          13 +          14 = 27
OK:          13 +          15 = 28
OK:          14 +           0 = 14
OK:          14 +           1 = 15
OK:          14 +           2 = 16
OK:          14 +           3 = 17
OK:          14 +           4 = 18
OK:          14 +           5 = 19
OK:          14 +           6 = 20
OK:          14 +           7 = 21
OK:          14 +           8 = 22
OK:          14 +           9 = 23
OK:          14 +          10 = 24
OK:          14 +          11 = 25
OK:          14 +          12 = 26
OK:          14 +          13 = 27
OK:          14 +          14 = 28
OK:          14 +          15 = 29
OK:          15 +           0 = 15
OK:          15 +           1 = 16
OK:          15 +           2 = 17
OK:          15 +           3 = 18
OK:          15 +           4 = 19
OK:          15 +           5 = 20
OK:          15 +           6 = 21
OK:          15 +           7 = 22
OK:          15 +           8 = 23
OK:          15 +           9 = 24
OK:          15 +          10 = 25
OK:          15 +          11 = 26
OK:          15 +          12 = 27
OK:          15 +          13 = 28
OK:          15 +          14 = 29
OK:          15 +          15 = 30
tb.v:38: $finish called at 256000 (1ps)
